<?xml version="1.0" encoding="UTF-8"?>
<testng-results ignored="0" total="1" passed="1" failed="0" skipped="0">
  <reporter-output>
  </reporter-output>
  <suite started-at="2022-05-30T20:49:20 IST" name="Default suite" finished-at="2022-05-30T20:49:31 IST" duration-ms="11693">
    <groups>
    </groups>
    <test started-at="2022-05-30T20:49:20 IST" name="Default test" finished-at="2022-05-30T20:49:31 IST" duration-ms="11693">
      <class name="com.flipkart.tests.PlaceOrder">
        <test-method is-config="true" signature="setUp()[pri:0, instance:com.flipkart.tests.PlaceOrder@6973b51b]" started-at="2022-05-30T20:49:20 IST" name="setUp" finished-at="2022-05-30T20:49:26 IST" duration-ms="6213" status="PASS">
          <reporter-output>
          </reporter-output>
        </test-method> <!-- setUp -->
        <test-method signature="loginTest()[pri:0, instance:com.flipkart.tests.PlaceOrder@6973b51b]" started-at="2022-05-30T20:49:26 IST" name="loginTest" finished-at="2022-05-30T20:49:31 IST" duration-ms="5429" status="PASS">
          <reporter-output>
          </reporter-output>
        </test-method> <!-- loginTest -->
        <test-method is-config="true" signature="afterClass()[pri:0, instance:com.flipkart.tests.PlaceOrder@6973b51b]" started-at="2022-05-30T20:49:31 IST" name="afterClass" finished-at="2022-05-30T20:49:31 IST" duration-ms="3" status="PASS">
          <reporter-output>
          </reporter-output>
        </test-method> <!-- afterClass -->
      </class> <!-- com.flipkart.tests.PlaceOrder -->
    </test> <!-- Default test -->
  </suite> <!-- Default suite -->
</testng-results>
